<?xml version="1.0" encoding="UTF-8"?>
<testsuite name="org.example.service.TodoServiceTest" tests="1" skipped="0" failures="0" errors="0" timestamp="2021-09-27T09:22:41" hostname="ijeong-uui-MacBook-Pro.local" time="0.825">
  <properties/>
  <testcase name="searchByIdFailed()" classname="org.example.service.TodoServiceTest" time="0.825"/>
  <system-out><![CDATA[]]></system-out>
  <system-err><![CDATA[]]></system-err>
</testsuite>
